<?xml version="1.0"?><coverage lines-covered="790" lines-valid="2742" line-rate="0.28811086797957697" branches-covered="0" branches-valid="0" branch-rate="0" complexity="0" version="1.9" timestamp="1764134498"><sources><source>/Users/reuben/bmad-tm/scud-cli</source></sources><packages><package name="src/commands/ai" line-rate="0" branch-rate="0" complexity="0"><classes><class name="analyze_complexity" filename="src/commands/ai/analyze_complexity.rs" line-rate="0" branch-rate="0" complexity="0"><methods/><lines><line number="30" hits="0"/><line number="35" hits="0"/><line number="36" hits="0"/><line number="38" hits="0"/><line number="39" hits="0"/><line number="40" hits="0"/><line number="41" hits="0"/><line number="44" hits="0"/><line number="45" hits="0"/><line number="46" hits="0"/><line number="50" hits="0"/><line number="52" hits="0"/><line number="53" hits="0"/><line number="54" hits="0"/><line number="55" hits="0"/><line number="56" hits="0"/><line number="57" hits="0"/><line number="58" hits="0"/><line number="59" hits="0"/><line number="62" hits="0"/><line number="63" hits="0"/><line number="65" hits="0"/><line number="67" hits="0"/><line number="68" hits="0"/><line number="69" hits="0"/><line number="70" hits="0"/><line number="76" hits="0"/><line number="77" hits="0"/><line number="78" hits="0"/><line number="81" hits="0"/><line number="82" hits="0"/><line number="83" hits="0"/><line number="84" hits="0"/><line number="90" hits="0"/><line number="91" hits="0"/><line number="92" hits="0"/><line number="93" hits="0"/><line number="94" hits="0"/><line number="95" hits="0"/><line number="96" hits="0"/><line number="100" hits="0"/><line number="101" hits="0"/><line number="102" hits="0"/><line number="103" hits="0"/><line number="104" hits="0"/><line number="105" hits="0"/><line number="107" hits="0"/><line number="108" hits="0"/><line number="109" hits="0"/><line number="110" hits="0"/><line number="111" hits="0"/><line number="112" hits="0"/><line number="114" hits="0"/><line number="115" hits="0"/><line number="117" hits="0"/><line number="118" hits="0"/><line number="121" hits="0"/><line number="122" hits="0"/><line number="123" hits="0"/><line number="124" hits="0"/><line number="125" hits="0"/><line number="126" hits="0"/><line number="127" hits="0"/><line number="128" hits="0"/><line number="129" hits="0"/><line number="130" hits="0"/><line number="131" hits="0"/><line number="134" hits="0"/><line number="135" hits="0"/><line number="136" hits="0"/><line number="137" hits="0"/><line number="138" hits="0"/><line number="140" hits="0"/><line number="143" hits="0"/><line number="149" hits="0"/><line number="150" hits="0"/><line number="151" hits="0"/><line number="154" hits="0"/><line number="156" hits="0"/><line number="158" hits="0"/><line number="161" hits="0"/><line number="162" hits="0"/><line number="163" hits="0"/><line number="165" hits="0"/><line number="166" hits="0"/><line number="167" hits="0"/><line number="168" hits="0"/><line number="169" hits="0"/><line number="170" hits="0"/><line number="172" hits="0"/><line number="173" hits="0"/><line number="174" hits="0"/><line number="175" hits="0"/><line number="177" hits="0"/><line number="180" hits="0"/><line number="181" hits="0"/><line number="183" hits="0"/><line number="186" hits="0"/><line number="187" hits="0"/><line number="188" hits="0"/><line number="194" hits="0"/><line number="195" hits="0"/><line number="198" hits="0"/><line number="201" hits="0"/><line number="204" hits="0"/><line number="205" hits="0"/><line number="206" hits="0"/><line number="207" hits="0"/><line number="208" hits="0"/><line number="210" hits="0"/><line number="211" hits="0"/><line number="212" hits="0"/><line number="214" hits="0"/><line number="217" hits="0"/><line number="218" hits="0"/><line number="219" hits="0"/><line number="223" hits="0"/><line number="224" hits="0"/><line number="225" hits="0"/><line number="226" hits="0"/><line number="227" hits="0"/><line number="228" hits="0"/><line number="230" hits="0"/><line number="231" hits="0"/><line number="233" hits="0"/><line number="234" hits="0"/><line number="237" hits="0"/></lines></class><class name="expand" filename="src/commands/ai/expand.rs" line-rate="0" branch-rate="0" complexity="0"><methods/><lines><line number="33" hits="0"/><line number="39" hits="0"/><line number="40" hits="0"/><line number="42" hits="0"/><line number="43" hits="0"/><line number="44" hits="0"/><line number="45" hits="0"/><line number="48" hits="0"/><line number="49" hits="0"/><line number="51" hits="0"/><line number="55" hits="0"/><line number="56" hits="0"/><line number="57" hits="0"/><line number="58" hits="0"/><line number="59" hits="0"/><line number="60" hits="0"/><line number="61" hits="0"/><line number="62" hits="0"/><line number="63" hits="0"/><line number="64" hits="0"/><line number="66" hits="0"/><line number="68" hits="0"/><line number="69" hits="0"/><line number="70" hits="0"/><line number="71" hits="0"/><line number="75" hits="0"/><line number="77" hits="0"/><line number="78" hits="0"/><line number="79" hits="0"/><line number="80" hits="0"/><line number="81" hits="0"/><line number="82" hits="0"/><line number="83" hits="0"/><line number="85" hits="0"/><line number="86" hits="0"/><line number="88" hits="0"/><line number="89" hits="0"/><line number="91" hits="0"/><line number="92" hits="0"/><line number="93" hits="0"/><line number="94" hits="0"/><line number="95" hits="0"/><line number="96" hits="0"/><line number="101" hits="0"/><line number="104" hits="0"/><line number="105" hits="0"/><line number="106" hits="0"/><line number="107" hits="0"/><line number="109" hits="0"/><line number="112" hits="0"/><line number="113" hits="0"/><line number="114" hits="0"/><line number="115" hits="0"/><line number="121" hits="0"/><line number="122" hits="0"/><line number="123" hits="0"/><line number="124" hits="0"/><line number="125" hits="0"/><line number="126" hits="0"/><line number="127" hits="0"/><line number="131" hits="0"/><line number="132" hits="0"/><line number="133" hits="0"/><line number="134" hits="0"/><line number="135" hits="0"/><line number="136" hits="0"/><line number="138" hits="0"/><line number="139" hits="0"/><line number="140" hits="0"/><line number="141" hits="0"/><line number="142" hits="0"/><line number="143" hits="0"/><line number="145" hits="0"/><line number="146" hits="0"/><line number="148" hits="0"/><line number="149" hits="0"/><line number="150" hits="0"/><line number="151" hits="0"/><line number="152" hits="0"/><line number="153" hits="0"/><line number="154" hits="0"/><line number="155" hits="0"/><line number="159" hits="0"/><line number="160" hits="0"/><line number="161" hits="0"/><line number="162" hits="0"/><line number="163" hits="0"/><line number="164" hits="0"/><line number="165" hits="0"/><line number="166" hits="0"/><line number="167" hits="0"/><line number="168" hits="0"/><line number="171" hits="0"/><line number="172" hits="0"/><line number="173" hits="0"/><line number="174" hits="0"/><line number="175" hits="0"/><line number="177" hits="0"/><line number="180" hits="0"/><line number="186" hits="0"/><line number="187" hits="0"/><line number="188" hits="0"/><line number="191" hits="0"/><line number="193" hits="0"/><line number="195" hits="0"/><line number="198" hits="0"/><line number="199" hits="0"/><line number="200" hits="0"/><line number="202" hits="0"/><line number="203" hits="0"/><line number="204" hits="0"/><line number="205" hits="0"/><line number="206" hits="0"/><line number="208" hits="0"/><line number="209" hits="0"/><line number="210" hits="0"/><line number="211" hits="0"/><line number="216" hits="0"/><line number="217" hits="0"/><line number="218" hits="0"/><line number="220" hits="0"/><line number="221" hits="0"/><line number="222" hits="0"/><line number="223" hits="0"/><line number="224" hits="0"/><line number="227" hits="0"/><line number="231" hits="0"/><line number="232" hits="0"/><line number="233" hits="0"/><line number="235" hits="0"/><line number="236" hits="0"/><line number="237" hits="0"/><line number="240" hits="0"/><line number="241" hits="0"/><line number="242" hits="0"/><line number="243" hits="0"/><line number="244" hits="0"/><line number="245" hits="0"/><line number="246" hits="0"/><line number="248" hits="0"/><line number="251" hits="0"/><line number="254" hits="0"/><line number="256" hits="0"/><line number="257" hits="0"/><line number="259" hits="0"/><line number="260" hits="0"/><line number="261" hits="0"/><line number="262" hits="0"/><line number="268" hits="0"/><line number="269" hits="0"/><line number="270" hits="0"/><line number="271" hits="0"/><line number="274" hits="0"/><line number="275" hits="0"/><line number="277" hits="0"/><line number="278" hits="0"/><line number="279" hits="0"/><line number="284" hits="0"/><line number="287" hits="0"/><line number="288" hits="0"/><line number="289" hits="0"/><line number="290" hits="0"/><line number="291" hits="0"/><line number="293" hits="0"/><line number="294" hits="0"/><line number="295" hits="0"/><line number="297" hits="0"/><line number="300" hits="0"/><line number="301" hits="0"/><line number="302" hits="0"/><line number="305" hits="0"/><line number="306" hits="0"/><line number="307" hits="0"/><line number="308" hits="0"/><line number="309" hits="0"/><line number="311" hits="0"/></lines></class><class name="parse_prd" filename="src/commands/ai/parse_prd.rs" line-rate="0" branch-rate="0" complexity="0"><methods/><lines><line number="21" hits="0"/><line number="22" hits="0"/><line number="24" hits="0"/><line number="25" hits="0"/><line number="29" hits="0"/><line number="30" hits="0"/><line number="33" hits="0"/><line number="34" hits="0"/><line number="35" hits="0"/><line number="39" hits="0"/><line number="40" hits="0"/><line number="41" hits="0"/><line number="42" hits="0"/><line number="43" hits="0"/><line number="45" hits="0"/><line number="46" hits="0"/><line number="49" hits="0"/><line number="50" hits="0"/><line number="52" hits="0"/><line number="53" hits="0"/><line number="54" hits="0"/><line number="55" hits="0"/><line number="59" hits="0"/><line number="61" hits="0"/><line number="62" hits="0"/><line number="64" hits="0"/><line number="65" hits="0"/><line number="66" hits="0"/><line number="67" hits="0"/><line number="71" hits="0"/><line number="72" hits="0"/><line number="73" hits="0"/><line number="75" hits="0"/><line number="76" hits="0"/><line number="77" hits="0"/><line number="79" hits="0"/><line number="83" hits="0"/><line number="85" hits="0"/><line number="86" hits="0"/><line number="87" hits="0"/><line number="88" hits="0"/><line number="92" hits="0"/><line number="93" hits="0"/><line number="96" hits="0"/><line number="98" hits="0"/><line number="99" hits="0"/><line number="100" hits="0"/><line number="102" hits="0"/><line number="103" hits="0"/><line number="104" hits="0"/><line number="105" hits="0"/><line number="106" hits="0"/><line number="107" hits="0"/><line number="108" hits="0"/><line number="109" hits="0"/><line number="110" hits="0"/><line number="112" hits="0"/></lines></class><class name="research" filename="src/commands/ai/research.rs" line-rate="0" branch-rate="0" complexity="0"><methods/><lines><line number="9" hits="0"/><line number="11" hits="0"/><line number="12" hits="0"/><line number="13" hits="0"/><line number="15" hits="0"/><line number="16" hits="0"/><line number="18" hits="0"/><line number="21" hits="0"/><line number="22" hits="0"/><line number="23" hits="0"/><line number="24" hits="0"/><line number="25" hits="0"/><line number="28" hits="0"/><line number="29" hits="0"/><line number="31" hits="0"/><line number="33" hits="0"/><line number="34" hits="0"/><line number="36" hits="0"/><line number="37" hits="0"/><line number="39" hits="0"/><line number="41" hits="0"/><line number="42" hits="0"/><line number="43" hits="0"/><line number="44" hits="0"/><line number="45" hits="0"/><line number="46" hits="0"/><line number="48" hits="0"/></lines></class></classes></package><package name="src/formats" line-rate="0.9315068493150684" branch-rate="0" complexity="0"><classes><class name="mod" filename="src/formats/mod.rs" line-rate="0" branch-rate="0" complexity="0"><methods/><lines><line number="20" hits="0"/><line number="21" hits="0"/><line number="22" hits="0"/><line number="23" hits="0"/><line number="24" hits="0"/><line number="28" hits="0"/><line number="29" hits="0"/><line number="30" hits="0"/><line number="31" hits="0"/></lines></class><class name="scg" filename="src/formats/scg.rs" line-rate="0.9611307420494699" branch-rate="0" complexity="0"><methods/><lines><line number="14" hits="5059"/><line number="15" hits="5059"/><line number="16" hits="5045"/><line number="17" hits="2"/><line number="18" hits="3"/><line number="19" hits="1"/><line number="20" hits="1"/><line number="21" hits="1"/><line number="22" hits="1"/><line number="23" hits="5"/><line number="27" hits="5062"/><line number="28" hits="5062"/><line number="29" hits="5049"/><line number="30" hits="1"/><line number="31" hits="2"/><line number="32" hits="1"/><line number="33" hits="1"/><line number="34" hits="1"/><line number="35" hits="1"/><line number="36" hits="5"/><line number="37" hits="1"/><line number="41" hits="5058"/><line number="42" hits="5058"/><line number="43" hits="3"/><line number="44" hits="5053"/><line number="45" hits="2"/><line number="49" hits="5061"/><line number="50" hits="5061"/><line number="51" hits="3"/><line number="52" hits="5056"/><line number="53" hits="1"/><line number="54" hits="1"/><line number="59" hits="5057"/><line number="60" hits="20228"/><line number="66" hits="5061"/><line number="67" hits="20244"/><line number="68" hits="20244"/><line number="70" hits="182969"/><line number="71" hits="88954"/><line number="72" hits="6"/><line number="73" hits="4"/><line number="74" hits="6"/><line number="75" hits="2"/><line number="76" hits="0"/><line number="77" hits="0"/><line number="78" hits="0"/><line number="80" hits="0"/><line number="83" hits="177896"/><line number="86" hits="5061"/><line number="90" hits="10084"/><line number="91" hits="20168"/><line number="92" hits="20168"/><line number="93" hits="40336"/><line number="95" hits="694954"/><line number="96" hits="342435"/><line number="98" hits="8"/><line number="99" hits="6"/><line number="100" hits="12"/><line number="101" hits="20"/><line number="102" hits="4"/><line number="105" hits="0"/><line number="106" hits="372718"/><line number="107" hits="151435"/><line number="108" hits="30287"/><line number="110" hits="624288"/><line number="113" hits="40336"/><line number="114" hits="10084"/><line number="118" hits="229"/><line number="119" hits="916"/><line number="122" hits="916"/><line number="123" hits="229"/><line number="124" hits="3"/><line number="125" hits="3"/><line number="131" hits="904"/><line number="132" hits="452"/><line number="134" hits="678"/><line number="137" hits="904"/><line number="138" hits="678"/><line number="139" hits="678"/><line number="140" hits="678"/><line number="141" hits="678"/><line number="144" hits="678"/><line number="147" hits="678"/><line number="148" hits="678"/><line number="149" hits="678"/><line number="150" hits="678"/><line number="152" hits="34598"/><line number="153" hits="51558"/><line number="156" hits="34372"/><line number="157" hits="583"/><line number="161" hits="33206"/><line number="164" hits="576"/><line number="165" hits="576"/><line number="166" hits="576"/><line number="167" hits="576"/><line number="169" hits="1152"/><line number="170" hits="1152"/><line number="172" hits="576"/><line number="173" hits="1152"/><line number="174" hits="577"/><line number="175" hits="128"/><line number="176" hits="124"/><line number="177" hits="121"/><line number="178" hits="238"/><line number="179" hits="0"/><line number="181" hits="576"/><line number="185" hits="16027"/><line number="186" hits="20102"/><line number="187" hits="10054"/><line number="189" hits="20108"/><line number="190" hits="5027"/><line number="194" hits="32550"/><line number="195" hits="459"/><line number="198" hits="10541"/><line number="199" hits="10541"/><line number="201" hits="1350"/><line number="202" hits="1350"/><line number="204" hits="675"/><line number="205" hits="0"/><line number="209" hits="10091"/><line number="211" hits="15177"/><line number="212" hits="10118"/><line number="213" hits="20236"/><line number="214" hits="20236"/><line number="215" hits="10118"/><line number="216" hits="30354"/><line number="217" hits="25295"/><line number="218" hits="30354"/><line number="221" hits="35413"/><line number="222" hits="10118"/><line number="223" hits="10118"/><line number="224" hits="10118"/><line number="225" hits="15177"/><line number="228" hits="5032"/><line number="230" hits="16"/><line number="231" hits="20"/><line number="234" hits="5028"/><line number="236" hits="9"/><line number="237" hits="9"/><line number="239" hits="13"/><line number="240" hits="13"/><line number="242" hits="15"/><line number="245" hits="5025"/><line number="247" hits="3"/><line number="248" hits="1"/><line number="249" hits="3"/><line number="250" hits="3"/><line number="251" hits="0"/><line number="253" hits="1"/><line number="255" hits="3"/><line number="256" hits="0"/><line number="258" hits="1"/><line number="260" hits="3"/><line number="261" hits="0"/><line number="263" hits="1"/><line number="265" hits="5"/><line number="268" hits="5024"/><line number="271" hits="5024"/><line number="272" hits="5024"/><line number="273" hits="5024"/><line number="274" hits="5024"/><line number="278" hits="15072"/><line number="279" hits="10048"/><line number="280" hits="15072"/><line number="281" hits="15072"/><line number="282" hits="5024"/><line number="285" hits="0"/><line number="291" hits="226"/><line number="292" hits="226"/><line number="293" hits="226"/><line number="294" hits="226"/><line number="298" hits="238"/><line number="299" hits="16"/><line number="300" hits="8"/><line number="305" hits="235"/><line number="306" hits="12"/><line number="307" hits="6"/><line number="309" hits="13"/><line number="310" hits="20"/><line number="311" hits="10"/><line number="317" hits="15292"/><line number="318" hits="15066"/><line number="319" hits="20088"/><line number="320" hits="10044"/><line number="322" hits="10046"/><line number="323" hits="2"/><line number="325" hits="10046"/><line number="326" hits="2"/><line number="332" hits="231"/><line number="333" hits="4"/><line number="334" hits="3"/><line number="335" hits="3"/><line number="336" hits="1"/><line number="341" hits="904"/><line number="344" hits="87191"/><line number="346" hits="226"/><line number="350" hits="47555"/><line number="351" hits="237775"/><line number="352" hits="237775"/><line number="354" hits="237797"/><line number="355" hits="190264"/><line number="356" hits="260"/><line number="357" hits="130"/><line number="358" hits="324"/><line number="362" hits="47436"/><line number="363" hits="142308"/><line number="368" hits="33"/><line number="372" hits="5826"/><line number="378" hits="26724"/><line number="379" hits="20096"/><line number="380" hits="15072"/><line number="381" hits="20096"/><line number="383" hits="25120"/><line number="384" hits="5024"/><line number="389" hits="242"/><line number="390" hits="484"/><line number="393" hits="726"/><line number="394" hits="726"/><line number="397" hits="726"/><line number="398" hits="726"/><line number="399" hits="726"/><line number="400" hits="726"/><line number="401" hits="726"/><line number="404" hits="726"/><line number="405" hits="56410"/><line number="408" hits="726"/><line number="409" hits="726"/><line number="410" hits="15407"/><line number="411" hits="20220"/><line number="412" hits="10110"/><line number="413" hits="5055"/><line number="414" hits="15165"/><line number="415" hits="15165"/><line number="416" hits="5055"/><line number="417" hits="5055"/><line number="420" hits="484"/><line number="423" hits="726"/><line number="425" hits="10360"/><line number="428" hits="242"/><line number="429" hits="9"/><line number="430" hits="9"/><line number="431" hits="19"/><line number="432" hits="12"/><line number="434" hits="6"/><line number="438" hits="726"/><line number="440" hits="10352"/><line number="443" hits="242"/><line number="444" hits="6"/><line number="445" hits="6"/><line number="446" hits="11"/><line number="447" hits="18"/><line number="449" hits="4"/><line number="453" hits="726"/><line number="455" hits="20460"/><line number="458" hits="242"/><line number="459" hits="3"/><line number="460" hits="3"/><line number="461" hits="4"/><line number="462" hits="4"/><line number="463" hits="2"/><line number="464" hits="1"/><line number="465" hits="5"/><line number="466" hits="5"/><line number="467" hits="3"/><line number="470" hits="2"/><line number="474" hits="726"/><line number="476" hits="5441"/><line number="479" hits="242"/><line number="480" hits="348"/><line number="481" hits="10154"/><line number="482" hits="5019"/><line number="483" hits="15057"/><line number="484" hits="20082"/><line number="485" hits="15066"/><line number="488" hits="5020"/><line number="489" hits="3"/><line number="490" hits="4"/><line number="491" hits="3"/><line number="494" hits="5020"/><line number="495" hits="3"/><line number="496" hits="4"/><line number="497" hits="3"/><line number="503" hits="242"/></lines></class></classes></package><package name="src/storage" line-rate="0.8732394366197183" branch-rate="0" complexity="0"><classes><class name="mod" filename="src/storage/mod.rs" line-rate="0.8732394366197183" branch-rate="0" complexity="0"><methods/><lines><line number="23" hits="28"/><line number="24" hits="84"/><line number="27" hits="28"/><line number="32" hits="232"/><line number="33" hits="464"/><line number="34" hits="464"/><line number="37" hits="514"/><line number="38" hits="232"/><line number="39" hits="75"/><line number="40" hits="50"/><line number="41" hits="100"/><line number="42" hits="25"/><line number="44" hits="0"/><line number="45" hits="0"/><line number="56" hits="231"/><line number="62" hits="924"/><line number="63" hits="231"/><line number="64" hits="4"/><line number="68" hits="462"/><line number="72" hits="462"/><line number="73" hits="231"/><line number="76" hits="693"/><line number="79" hits="462"/><line number="80" hits="693"/><line number="81" hits="231"/><line number="82" hits="462"/><line number="83" hits="231"/><line number="86" hits="231"/><line number="90" hits="85"/><line number="93" hits="85"/><line number="94" hits="4"/><line number="98" hits="168"/><line number="100" hits="168"/><line number="101" hits="84"/><line number="104" hits="168"/><line number="105" hits="84"/><line number="108" hits="168"/><line number="109" hits="252"/><line number="110" hits="84"/><line number="113" hits="84"/><line number="116" hits="427"/><line number="117" hits="427"/><line number="120" hits="200"/><line number="121" hits="200"/><line number="124" hits="98"/><line number="125" hits="98"/><line number="128" hits="72"/><line number="129" hits="72"/><line number="132" hits="26"/><line number="133" hits="26"/><line number="136" hits="26"/><line number="137" hits="26"/><line number="140" hits="0"/><line number="141" hits="0"/><line number="144" hits="26"/><line number="145" hits="52"/><line number="146" hits="78"/><line number="149" hits="26"/><line number="151" hits="78"/><line number="152" hits="52"/><line number="156" hits="78"/><line number="157" hits="26"/><line number="158" hits="78"/><line number="162" hits="78"/><line number="163" hits="26"/><line number="164" hits="78"/><line number="165" hits="78"/><line number="167" hits="0"/><line number="168" hits="0"/><line number="169" hits="0"/><line number="171" hits="0"/><line number="172" hits="0"/><line number="173" hits="0"/><line number="179" hits="78"/><line number="180" hits="26"/><line number="181" hits="52"/><line number="182" hits="78"/><line number="186" hits="78"/><line number="187" hits="52"/><line number="188" hits="52"/><line number="189" hits="52"/><line number="190" hits="52"/><line number="193" hits="52"/><line number="195" hits="26"/><line number="198" hits="0"/><line number="199" hits="0"/><line number="200" hits="0"/><line number="201" hits="0"/><line number="203" hits="0"/><line number="206" hits="26"/><line number="207" hits="52"/><line number="208" hits="52"/><line number="210" hits="26"/><line number="211" hits="0"/><line number="212" hits="0"/><line number="213" hits="0"/><line number="216" hits="78"/><line number="219" hits="26"/><line number="222" hits="64"/><line number="223" hits="192"/><line number="224" hits="64"/><line number="225" hits="0"/><line number="228" hits="256"/><line number="229" hits="192"/><line number="233" hits="72"/><line number="234" hits="144"/><line number="237" hits="144"/><line number="238" hits="19"/><line number="242" hits="265"/><line number="244" hits="465"/><line number="245" hits="621"/><line number="246" hits="414"/><line number="247" hits="0"/><line number="251" hits="828"/><line number="253" hits="1025"/><line number="256" hits="51"/><line number="259" hits="98"/><line number="260" hits="294"/><line number="261" hits="392"/><line number="263" hits="490"/><line number="264" hits="98"/><line number="266" hits="196"/><line number="267" hits="638"/><line number="268" hits="371"/><line number="269" hits="300"/><line number="271" hits="1105"/><line number="272" hits="663"/><line number="275" hits="98"/><line number="279" hits="294"/><line number="281" hits="98"/><line number="284" hits="12"/><line number="285" hits="36"/><line number="286" hits="12"/><line number="287" hits="0"/><line number="288" hits="0"/><line number="289" hits="0"/><line number="293" hits="48"/><line number="294" hits="44"/><line number="295" hits="18"/><line number="297" hits="10"/><line number="300" hits="31"/><line number="301" hits="93"/><line number="302" hits="124"/><line number="303" hits="62"/><line number="304" hits="31"/><line number="308" hits="98"/><line number="309" hits="294"/><line number="310" hits="392"/><line number="311" hits="196"/><line number="312" hits="98"/><line number="316" hits="9"/><line number="319" hits="36"/><line number="320" hits="15"/><line number="321" hits="6"/><line number="326" hits="9"/><line number="327" hits="9"/><line number="330" hits="9"/><line number="332" hits="3"/><line number="335" hits="4"/><line number="336" hits="12"/><line number="337" hits="8"/><line number="338" hits="0"/><line number="341" hits="12"/><line number="342" hits="8"/><line number="343" hits="8"/><line number="344" hits="12"/><line number="347" hits="12"/><line number="349" hits="4"/><line number="354" hits="1"/><line number="355" hits="3"/><line number="360" hits="7"/><line number="361" hits="21"/><line number="362" hits="28"/><line number="364" hits="28"/><line number="366" hits="7"/><line number="367" hits="14"/><line number="369" hits="8"/><line number="374" hits="2"/><line number="375" hits="3"/><line number="377" hits="4"/><line number="379" hits="3"/><line number="384" hits="1"/><line number="387" hits="3"/><line number="389" hits="3"/><line number="390" hits="1"/><line number="391" hits="0"/><line number="396" hits="2"/><line number="401" hits="2"/><line number="402" hits="1"/><line number="405" hits="3"/><line number="408" hits="2"/><line number="409" hits="3"/><line number="410" hits="1"/><line number="413" hits="4"/><line number="414" hits="6"/><line number="416" hits="5"/><line number="417" hits="1"/><line number="419" hits="2"/><line number="420" hits="6"/><line number="421" hits="3"/><line number="422" hits="2"/><line number="424" hits="10"/><line number="425" hits="6"/><line number="429" hits="3"/><line number="430" hits="1"/><line number="431" hits="3"/><line number="432" hits="3"/><line number="433" hits="1"/><line number="434" hits="2"/><line number="435" hits="1"/><line number="438" hits="1"/><line number="441" hits="0"/><line number="442" hits="0"/></lines></class></classes></package><package name="benches" line-rate="0" branch-rate="0" complexity="0"><classes></classes></package><package name="src/commands" line-rate="0.028604786923525978" branch-rate="0" complexity="0"><classes><class name="assign" filename="src/commands/assign.rs" line-rate="0" branch-rate="0" complexity="0"><methods/><lines><line number="8" hits="0"/><line number="14" hits="0"/><line number="15" hits="0"/><line number="17" hits="0"/><line number="18" hits="0"/><line number="19" hits="0"/><line number="20" hits="0"/><line number="22" hits="0"/><line number="23" hits="0"/><line number="24" hits="0"/><line number="26" hits="0"/><line number="27" hits="0"/><line number="29" hits="0"/><line number="30" hits="0"/><line number="31" hits="0"/><line number="32" hits="0"/><line number="33" hits="0"/><line number="36" hits="0"/></lines></class><class name="claim" filename="src/commands/claim.rs" line-rate="0" branch-rate="0" complexity="0"><methods/><lines><line number="8" hits="0"/><line number="14" hits="0"/><line number="15" hits="0"/><line number="19" hits="0"/><line number="21" hits="0"/><line number="22" hits="0"/><line number="23" hits="0"/><line number="26" hits="0"/><line number="29" hits="0"/><line number="32" hits="0"/><line number="34" hits="0"/><line number="35" hits="0"/><line number="36" hits="0"/><line number="37" hits="0"/><line number="38" hits="0"/><line number="39" hits="0"/><line number="40" hits="0"/><line number="41" hits="0"/><line number="42" hits="0"/><line number="43" hits="0"/><line number="44" hits="0"/><line number="45" hits="0"/><line number="46" hits="0"/><line number="48" hits="0"/><line number="49" hits="0"/><line number="53" hits="0"/></lines></class><class name="config" filename="src/commands/config.rs" line-rate="0" branch-rate="0" complexity="0"><methods/><lines><line number="8" hits="0"/><line number="9" hits="0"/><line number="11" hits="0"/><line number="12" hits="0"/><line number="13" hits="0"/><line number="14" hits="0"/><line number="17" hits="0"/><line number="19" hits="0"/><line number="20" hits="0"/><line number="21" hits="0"/><line number="22" hits="0"/><line number="23" hits="0"/><line number="24" hits="0"/><line number="25" hits="0"/><line number="27" hits="0"/><line number="28" hits="0"/><line number="29" hits="0"/><line number="32" hits="0"/><line number="33" hits="0"/><line number="34" hits="0"/><line number="36" hits="0"/><line number="37" hits="0"/><line number="39" hits="0"/><line number="40" hits="0"/><line number="41" hits="0"/><line number="42" hits="0"/><line number="43" hits="0"/><line number="46" hits="0"/><line number="47" hits="0"/><line number="48" hits="0"/><line number="49" hits="0"/><line number="50" hits="0"/><line number="51" hits="0"/><line number="56" hits="0"/><line number="57" hits="0"/><line number="58" hits="0"/><line number="60" hits="0"/><line number="63" hits="0"/><line number="68" hits="0"/><line number="70" hits="0"/><line number="71" hits="0"/><line number="75" hits="0"/><line number="76" hits="0"/><line number="77" hits="0"/><line number="78" hits="0"/><line number="80" hits="0"/><line number="81" hits="0"/><line number="86" hits="0"/><line number="87" hits="0"/><line number="90" hits="0"/><line number="91" hits="0"/><line number="94" hits="0"/><line number="96" hits="0"/><line number="97" hits="0"/><line number="98" hits="0"/><line number="99" hits="0"/><line number="100" hits="0"/><line number="102" hits="0"/><line number="103" hits="0"/><line number="104" hits="0"/><line number="105" hits="0"/><line number="106" hits="0"/><line number="109" hits="0"/><line number="110" hits="0"/><line number="111" hits="0"/><line number="112" hits="0"/><line number="116" hits="0"/><line number="119" hits="0"/><line number="120" hits="0"/><line number="122" hits="0"/><line number="123" hits="0"/><line number="126" hits="0"/><line number="128" hits="0"/><line number="129" hits="0"/><line number="130" hits="0"/><line number="131" hits="0"/><line number="133" hits="0"/><line number="134" hits="0"/><line number="135" hits="0"/><line number="136" hits="0"/><line number="137" hits="0"/><line number="140" hits="0"/><line number="141" hits="0"/><line number="143" hits="0"/><line number="144" hits="0"/><line number="145" hits="0"/><line number="149" hits="0"/></lines></class><class name="convert" filename="src/commands/convert.rs" line-rate="0" branch-rate="0" complexity="0"><methods/><lines><line number="13" hits="0"/><line number="19" hits="0"/><line number="20" hits="0"/><line number="21" hits="0"/><line number="22" hits="0"/><line number="24" hits="0"/><line number="25" hits="0"/><line number="26" hits="0"/><line number="31" hits="0"/><line number="32" hits="0"/><line number="33" hits="0"/><line number="34" hits="0"/><line number="35" hits="0"/><line number="39" hits="0"/><line number="40" hits="0"/><line number="41" hits="0"/><line number="44" hits="0"/><line number="45" hits="0"/><line number="47" hits="0"/><line number="48" hits="0"/><line number="49" hits="0"/><line number="50" hits="0"/><line number="55" hits="0"/><line number="56" hits="0"/><line number="57" hits="0"/><line number="58" hits="0"/><line number="59" hits="0"/><line number="63" hits="0"/><line number="64" hits="0"/><line number="67" hits="0"/><line number="68" hits="0"/><line number="71" hits="0"/><line number="75" hits="0"/><line number="76" hits="0"/><line number="77" hits="0"/><line number="81" hits="0"/><line number="83" hits="0"/><line number="86" hits="0"/><line number="87" hits="0"/><line number="88" hits="0"/><line number="90" hits="0"/><line number="91" hits="0"/><line number="92" hits="0"/><line number="94" hits="0"/><line number="95" hits="0"/><line number="97" hits="0"/><line number="102" hits="0"/><line number="103" hits="0"/><line number="104" hits="0"/><line number="105" hits="0"/><line number="106" hits="0"/><line number="107" hits="0"/><line number="108" hits="0"/><line number="109" hits="0"/><line number="114" hits="0"/><line number="115" hits="0"/><line number="118" hits="0"/><line number="119" hits="0"/><line number="120" hits="0"/><line number="123" hits="0"/><line number="124" hits="0"/><line number="125" hits="0"/><line number="126" hits="0"/><line number="127" hits="0"/><line number="128" hits="0"/><line number="130" hits="0"/><line number="133" hits="0"/><line number="134" hits="0"/><line number="137" hits="0"/><line number="138" hits="0"/><line number="142" hits="0"/><line number="144" hits="0"/><line number="145" hits="0"/><line number="146" hits="0"/><line number="147" hits="0"/><line number="150" hits="0"/><line number="152" hits="0"/><line number="155" hits="0"/></lines></class><class name="doctor" filename="src/commands/doctor.rs" line-rate="0.1118421052631579" branch-rate="0" complexity="0"><methods/><lines><line number="18" hits="3"/><line number="19" hits="3"/><line number="20" hits="1"/><line number="21" hits="1"/><line number="22" hits="1"/><line number="50" hits="2"/><line number="51" hits="2"/><line number="52" hits="2"/><line number="53" hits="1"/><line number="54" hits="1"/><line number="55" hits="1"/><line number="56" hits="1"/><line number="57" hits="1"/><line number="60" hits="1"/><line number="61" hits="1"/><line number="62" hits="1"/><line number="63" hits="1"/><line number="64" hits="1"/><line number="65" hits="2"/><line number="68" hits="1"/><line number="69" hits="1"/><line number="70" hits="1"/><line number="71" hits="1"/><line number="72" hits="1"/><line number="73" hits="2"/><line number="74" hits="2"/><line number="77" hits="1"/><line number="78" hits="1"/><line number="79" hits="1"/><line number="80" hits="1"/><line number="81" hits="1"/><line number="82" hits="2"/><line number="83" hits="2"/><line number="84" hits="2"/><line number="88" hits="0"/><line number="94" hits="0"/><line number="95" hits="0"/><line number="96" hits="0"/><line number="97" hits="0"/><line number="98" hits="0"/><line number="100" hits="0"/><line number="101" hits="0"/><line number="103" hits="0"/><line number="106" hits="0"/><line number="107" hits="0"/><line number="109" hits="0"/><line number="112" hits="0"/><line number="113" hits="0"/><line number="116" hits="0"/><line number="117" hits="0"/><line number="118" hits="0"/><line number="119" hits="0"/><line number="120" hits="0"/><line number="125" hits="0"/><line number="126" hits="0"/><line number="127" hits="0"/><line number="128" hits="0"/><line number="130" hits="0"/><line number="131" hits="0"/><line number="136" hits="0"/><line number="137" hits="0"/><line number="138" hits="0"/><line number="141" hits="0"/><line number="144" hits="0"/><line number="145" hits="0"/><line number="146" hits="0"/><line number="148" hits="0"/><line number="151" hits="0"/><line number="155" hits="0"/><line number="156" hits="0"/><line number="157" hits="0"/><line number="158" hits="0"/><line number="162" hits="0"/><line number="164" hits="0"/><line number="166" hits="0"/><line number="167" hits="0"/><line number="168" hits="0"/><line number="169" hits="0"/><line number="170" hits="0"/><line number="171" hits="0"/><line number="172" hits="0"/><line number="178" hits="0"/><line number="179" hits="0"/><line number="180" hits="0"/><line number="181" hits="0"/><line number="182" hits="0"/><line number="183" hits="0"/><line number="184" hits="0"/><line number="185" hits="0"/><line number="186" hits="0"/><line number="193" hits="0"/><line number="194" hits="0"/><line number="196" hits="0"/><line number="197" hits="0"/><line number="198" hits="0"/><line number="199" hits="0"/><line number="200" hits="0"/><line number="202" hits="0"/><line number="206" hits="0"/><line number="207" hits="0"/><line number="208" hits="0"/><line number="209" hits="0"/><line number="210" hits="0"/><line number="211" hits="0"/><line number="212" hits="0"/><line number="215" hits="0"/><line number="216" hits="0"/><line number="217" hits="0"/><line number="218" hits="0"/><line number="219" hits="0"/><line number="220" hits="0"/><line number="221" hits="0"/><line number="222" hits="0"/><line number="224" hits="0"/><line number="225" hits="0"/><line number="226" hits="0"/><line number="230" hits="0"/><line number="231" hits="0"/><line number="232" hits="0"/><line number="233" hits="0"/><line number="234" hits="0"/><line number="235" hits="0"/><line number="236" hits="0"/><line number="237" hits="0"/><line number="239" hits="0"/><line number="242" hits="0"/><line number="251" hits="0"/><line number="252" hits="0"/><line number="253" hits="0"/><line number="255" hits="0"/><line number="258" hits="0"/><line number="259" hits="0"/><line number="260" hits="0"/><line number="261" hits="0"/><line number="262" hits="0"/><line number="263" hits="0"/><line number="264" hits="0"/><line number="265" hits="0"/><line number="266" hits="0"/><line number="267" hits="0"/><line number="269" hits="0"/><line number="275" hits="0"/><line number="276" hits="0"/><line number="277" hits="0"/><line number="278" hits="0"/><line number="279" hits="0"/><line number="280" hits="0"/><line number="281" hits="0"/><line number="282" hits="0"/><line number="284" hits="0"/><line number="289" hits="0"/><line number="290" hits="0"/><line number="291" hits="0"/><line number="292" hits="0"/><line number="294" hits="0"/><line number="295" hits="0"/><line number="296" hits="0"/><line number="299" hits="0"/><line number="302" hits="0"/><line number="304" hits="0"/><line number="307" hits="0"/><line number="308" hits="0"/><line number="309" hits="0"/><line number="310" hits="0"/><line number="311" hits="0"/><line number="313" hits="0"/><line number="317" hits="0"/><line number="318" hits="0"/><line number="319" hits="0"/><line number="320" hits="0"/><line number="321" hits="0"/><line number="323" hits="0"/><line number="324" hits="0"/><line number="325" hits="0"/><line number="329" hits="0"/><line number="330" hits="0"/><line number="331" hits="0"/><line number="332" hits="0"/><line number="333" hits="0"/><line number="334" hits="0"/><line number="335" hits="0"/><line number="336" hits="0"/><line number="337" hits="0"/><line number="338" hits="0"/><line number="341" hits="0"/><line number="342" hits="0"/><line number="343" hits="0"/><line number="344" hits="0"/><line number="348" hits="0"/><line number="352" hits="0"/><line number="353" hits="0"/><line number="354" hits="0"/><line number="355" hits="0"/><line number="356" hits="0"/><line number="357" hits="0"/><line number="358" hits="0"/><line number="359" hits="0"/><line number="360" hits="0"/><line number="362" hits="0"/><line number="363" hits="0"/><line number="364" hits="0"/><line number="365" hits="0"/><line number="366" hits="0"/><line number="368" hits="0"/><line number="371" hits="0"/><line number="375" hits="0"/><line number="376" hits="0"/><line number="377" hits="0"/><line number="378" hits="0"/><line number="379" hits="0"/><line number="380" hits="0"/><line number="381" hits="0"/><line number="382" hits="0"/><line number="383" hits="0"/><line number="385" hits="0"/><line number="386" hits="0"/><line number="387" hits="0"/><line number="390" hits="0"/><line number="394" hits="0"/><line number="395" hits="0"/><line number="396" hits="0"/><line number="397" hits="0"/><line number="399" hits="0"/><line number="400" hits="0"/><line number="401" hits="0"/><line number="402" hits="0"/><line number="403" hits="0"/><line number="404" hits="0"/><line number="405" hits="0"/><line number="407" hits="0"/><line number="408" hits="0"/><line number="409" hits="0"/><line number="410" hits="0"/><line number="411" hits="0"/><line number="412" hits="0"/><line number="414" hits="0"/><line number="418" hits="0"/><line number="422" hits="0"/><line number="423" hits="0"/><line number="424" hits="0"/><line number="425" hits="0"/><line number="426" hits="0"/><line number="427" hits="0"/><line number="428" hits="0"/><line number="430" hits="0"/><line number="434" hits="0"/><line number="435" hits="0"/><line number="436" hits="0"/><line number="437" hits="0"/><line number="438" hits="0"/><line number="441" hits="0"/><line number="442" hits="0"/><line number="443" hits="0"/><line number="444" hits="0"/><line number="447" hits="0"/><line number="448" hits="0"/><line number="449" hits="0"/><line number="450" hits="0"/><line number="451" hits="0"/><line number="454" hits="0"/><line number="458" hits="0"/><line number="459" hits="0"/><line number="460" hits="0"/><line number="461" hits="0"/><line number="462" hits="0"/><line number="463" hits="0"/><line number="464" hits="0"/><line number="465" hits="0"/><line number="468" hits="0"/><line number="469" hits="0"/><line number="470" hits="0"/><line number="471" hits="0"/><line number="475" hits="0"/><line number="476" hits="0"/><line number="477" hits="0"/><line number="478" hits="0"/><line number="479" hits="0"/><line number="480" hits="0"/><line number="481" hits="0"/><line number="482" hits="0"/><line number="483" hits="0"/><line number="484" hits="0"/><line number="485" hits="0"/><line number="486" hits="0"/><line number="487" hits="0"/><line number="488" hits="0"/><line number="489" hits="0"/><line number="490" hits="0"/><line number="491" hits="0"/><line number="492" hits="0"/><line number="493" hits="0"/><line number="494" hits="0"/><line number="495" hits="0"/><line number="497" hits="0"/><line number="498" hits="0"/><line number="499" hits="0"/><line number="500" hits="0"/><line number="501" hits="0"/><line number="502" hits="0"/><line number="503" hits="0"/><line number="504" hits="0"/><line number="506" hits="0"/><line number="507" hits="0"/><line number="508" hits="0"/></lines></class><class name="helpers" filename="src/commands/helpers.rs" line-rate="0" branch-rate="0" complexity="0"><methods/><lines><line number="8" hits="0"/><line number="9" hits="0"/><line number="19" hits="0"/><line number="25" hits="0"/><line number="26" hits="0"/><line number="27" hits="0"/><line number="28" hits="0"/><line number="30" hits="0"/><line number="34" hits="0"/><line number="35" hits="0"/><line number="39" hits="0"/><line number="40" hits="0"/><line number="41" hits="0"/><line number="42" hits="0"/><line number="43" hits="0"/><line number="47" hits="0"/><line number="48" hits="0"/><line number="51" hits="0"/><line number="52" hits="0"/><line number="54" hits="0"/><line number="58" hits="0"/><line number="61" hits="0"/><line number="62" hits="0"/><line number="64" hits="0"/><line number="68" hits="0"/></lines></class><class name="init" filename="src/commands/init.rs" line-rate="0" branch-rate="0" complexity="0"><methods/><lines><line number="9" hits="0"/><line number="10" hits="0"/><line number="12" hits="0"/><line number="13" hits="0"/><line number="14" hits="0"/><line number="17" hits="0"/><line number="18" hits="0"/><line number="20" hits="0"/><line number="22" hits="0"/><line number="23" hits="0"/><line number="24" hits="0"/><line number="25" hits="0"/><line number="27" hits="0"/><line number="28" hits="0"/><line number="32" hits="0"/><line number="33" hits="0"/><line number="36" hits="0"/><line number="42" hits="0"/><line number="44" hits="0"/><line number="48" hits="0"/><line number="49" hits="0"/><line number="50" hits="0"/><line number="51" hits="0"/><line number="52" hits="0"/><line number="53" hits="0"/><line number="54" hits="0"/><line number="56" hits="0"/><line number="59" hits="0"/><line number="63" hits="0"/><line number="71" hits="0"/><line number="73" hits="0"/><line number="74" hits="0"/><line number="75" hits="0"/><line number="76" hits="0"/><line number="77" hits="0"/><line number="78" hits="0"/><line number="79" hits="0"/><line number="80" hits="0"/><line number="82" hits="0"/><line number="83" hits="0"/><line number="84" hits="0"/><line number="85" hits="0"/><line number="87" hits="0"/></lines></class><class name="list" filename="src/commands/list.rs" line-rate="0" branch-rate="0" complexity="0"><methods/><lines><line number="9" hits="0"/><line number="14" hits="0"/><line number="17" hits="0"/><line number="18" hits="0"/><line number="19" hits="0"/><line number="20" hits="0"/><line number="21" hits="0"/><line number="24" hits="0"/><line number="25" hits="0"/><line number="26" hits="0"/><line number="27" hits="0"/><line number="33" hits="0"/><line number="34" hits="0"/><line number="35" hits="0"/><line number="36" hits="0"/><line number="37" hits="0"/><line number="40" hits="0"/><line number="41" hits="0"/><line number="42" hits="0"/><line number="45" hits="0"/><line number="46" hits="0"/><line number="48" hits="0"/><line number="49" hits="0"/><line number="50" hits="0"/><line number="51" hits="0"/><line number="52" hits="0"/><line number="53" hits="0"/><line number="54" hits="0"/><line number="57" hits="0"/><line number="58" hits="0"/><line number="60" hits="0"/><line number="63" hits="0"/><line number="64" hits="0"/><line number="65" hits="0"/><line number="68" hits="0"/><line number="72" hits="0"/></lines></class><class name="migrate" filename="src/commands/migrate.rs" line-rate="0" branch-rate="0" complexity="0"><methods/><lines><line number="10" hits="0"/><line number="11" hits="0"/><line number="14" hits="0"/><line number="15" hits="0"/><line number="16" hits="0"/><line number="17" hits="0"/><line number="20" hits="0"/><line number="21" hits="0"/><line number="22" hits="0"/><line number="23" hits="0"/><line number="25" hits="0"/><line number="26" hits="0"/><line number="29" hits="0"/><line number="30" hits="0"/><line number="31" hits="0"/><line number="32" hits="0"/><line number="33" hits="0"/><line number="38" hits="0"/><line number="40" hits="0"/><line number="41" hits="0"/><line number="45" hits="0"/><line number="46" hits="0"/><line number="47" hits="0"/><line number="48" hits="0"/><line number="49" hits="0"/><line number="50" hits="0"/><line number="51" hits="0"/><line number="53" hits="0"/><line number="57" hits="0"/><line number="60" hits="0"/><line number="61" hits="0"/><line number="62" hits="0"/><line number="63" hits="0"/><line number="64" hits="0"/><line number="65" hits="0"/><line number="70" hits="0"/><line number="71" hits="0"/><line number="72" hits="0"/><line number="73" hits="0"/><line number="74" hits="0"/><line number="75" hits="0"/><line number="76" hits="0"/><line number="77" hits="0"/><line number="79" hits="0"/><line number="82" hits="0"/><line number="83" hits="0"/><line number="84" hits="0"/><line number="85" hits="0"/><line number="91" hits="0"/><line number="92" hits="0"/><line number="94" hits="0"/><line number="96" hits="0"/><line number="97" hits="0"/><line number="99" hits="0"/><line number="100" hits="0"/><line number="101" hits="0"/><line number="102" hits="0"/><line number="109" hits="0"/><line number="111" hits="0"/><line number="112" hits="0"/><line number="113" hits="0"/><line number="116" hits="0"/><line number="117" hits="0"/><line number="118" hits="0"/><line number="125" hits="0"/><line number="126" hits="0"/><line number="127" hits="0"/><line number="129" hits="0"/><line number="130" hits="0"/><line number="133" hits="0"/><line number="134" hits="0"/><line number="135" hits="0"/><line number="136" hits="0"/><line number="138" hits="0"/><line number="139" hits="0"/><line number="144" hits="0"/><line number="145" hits="0"/><line number="146" hits="0"/><line number="148" hits="0"/><line number="149" hits="0"/><line number="150" hits="0"/><line number="153" hits="0"/><line number="154" hits="0"/><line number="155" hits="0"/><line number="156" hits="0"/><line number="158" hits="0"/><line number="161" hits="0"/><line number="162" hits="0"/><line number="163" hits="0"/><line number="164" hits="0"/><line number="166" hits="0"/><line number="167" hits="0"/><line number="168" hits="0"/><line number="171" hits="0"/><line number="173" hits="0"/><line number="174" hits="0"/><line number="175" hits="0"/><line number="176" hits="0"/><line number="177" hits="0"/><line number="180" hits="0"/><line number="181" hits="0"/><line number="182" hits="0"/><line number="183" hits="0"/><line number="184" hits="0"/><line number="188" hits="0"/></lines></class><class name="next" filename="src/commands/next.rs" line-rate="0.06756756756756757" branch-rate="0" complexity="0"><methods/><lines><line number="22" hits="6"/><line number="26" hits="18"/><line number="27" hits="6"/><line number="29" hits="32"/><line number="32" hits="12"/><line number="33" hits="1"/><line number="37" hits="15"/><line number="39" hits="32"/><line number="42" hits="10"/><line number="43" hits="1"/><line number="47" hits="4"/><line number="48" hits="7"/><line number="49" hits="2"/><line number="50" hits="1"/><line number="52" hits="0"/><line number="55" hits="3"/><line number="58" hits="0"/><line number="65" hits="0"/><line number="66" hits="0"/><line number="69" hits="0"/><line number="70" hits="0"/><line number="71" hits="0"/><line number="72" hits="0"/><line number="76" hits="0"/><line number="77" hits="0"/><line number="78" hits="0"/><line number="82" hits="0"/><line number="83" hits="0"/><line number="84" hits="0"/><line number="85" hits="0"/><line number="87" hits="0"/><line number="88" hits="0"/><line number="89" hits="0"/><line number="90" hits="0"/><line number="92" hits="0"/><line number="93" hits="0"/><line number="94" hits="0"/><line number="96" hits="0"/><line number="97" hits="0"/><line number="98" hits="0"/><line number="99" hits="0"/><line number="101" hits="0"/><line number="102" hits="0"/><line number="104" hits="0"/><line number="105" hits="0"/><line number="106" hits="0"/><line number="110" hits="0"/><line number="113" hits="0"/><line number="114" hits="0"/><line number="115" hits="0"/><line number="116" hits="0"/><line number="117" hits="0"/><line number="118" hits="0"/><line number="120" hits="0"/><line number="124" hits="0"/><line number="127" hits="0"/><line number="128" hits="0"/><line number="129" hits="0"/><line number="131" hits="0"/><line number="134" hits="0"/><line number="135" hits="0"/><line number="136" hits="0"/><line number="137" hits="0"/><line number="138" hits="0"/><line number="139" hits="0"/><line number="140" hits="0"/><line number="141" hits="0"/><line number="142" hits="0"/><line number="143" hits="0"/><line number="144" hits="0"/><line number="148" hits="0"/><line number="150" hits="0"/><line number="153" hits="0"/><line number="155" hits="0"/><line number="157" hits="0"/><line number="160" hits="0"/><line number="161" hits="0"/><line number="162" hits="0"/><line number="163" hits="0"/><line number="164" hits="0"/><line number="165" hits="0"/><line number="167" hits="0"/><line number="168" hits="0"/><line number="169" hits="0"/><line number="170" hits="0"/><line number="171" hits="0"/><line number="172" hits="0"/><line number="173" hits="0"/><line number="175" hits="0"/><line number="176" hits="0"/><line number="177" hits="0"/><line number="178" hits="0"/><line number="179" hits="0"/><line number="181" hits="0"/><line number="182" hits="0"/><line number="183" hits="0"/><line number="184" hits="0"/><line number="185" hits="0"/><line number="186" hits="0"/><line number="187" hits="0"/><line number="188" hits="0"/><line number="189" hits="0"/><line number="193" hits="0"/><line number="194" hits="0"/><line number="195" hits="0"/><line number="197" hits="0"/><line number="200" hits="0"/><line number="204" hits="0"/><line number="205" hits="0"/><line number="206" hits="0"/><line number="208" hits="0"/><line number="209" hits="0"/><line number="212" hits="0"/><line number="213" hits="0"/><line number="214" hits="0"/><line number="215" hits="0"/><line number="216" hits="0"/><line number="219" hits="0"/><line number="222" hits="0"/><line number="223" hits="0"/><line number="224" hits="0"/><line number="225" hits="0"/><line number="226" hits="0"/><line number="227" hits="0"/><line number="228" hits="0"/><line number="229" hits="0"/><line number="230" hits="0"/><line number="231" hits="0"/><line number="233" hits="0"/><line number="234" hits="0"/><line number="235" hits="0"/><line number="236" hits="0"/><line number="239" hits="0"/><line number="240" hits="0"/><line number="241" hits="0"/><line number="242" hits="0"/><line number="246" hits="0"/><line number="247" hits="0"/><line number="248" hits="0"/><line number="249" hits="0"/><line number="250" hits="0"/><line number="251" hits="0"/><line number="252" hits="0"/><line number="253" hits="0"/><line number="255" hits="0"/><line number="256" hits="0"/><line number="257" hits="0"/><line number="258" hits="0"/><line number="260" hits="0"/><line number="261" hits="0"/><line number="262" hits="0"/><line number="263" hits="0"/><line number="265" hits="0"/><line number="266" hits="0"/><line number="268" hits="0"/><line number="271" hits="0"/><line number="272" hits="0"/><line number="273" hits="0"/><line number="274" hits="0"/><line number="276" hits="0"/><line number="279" hits="0"/><line number="282" hits="0"/><line number="283" hits="0"/><line number="284" hits="0"/><line number="285" hits="0"/><line number="286" hits="0"/><line number="288" hits="0"/><line number="289" hits="0"/><line number="291" hits="0"/><line number="292" hits="0"/><line number="294" hits="0"/><line number="295" hits="0"/><line number="296" hits="0"/><line number="297" hits="0"/><line number="300" hits="0"/><line number="304" hits="0"/><line number="305" hits="0"/><line number="306" hits="0"/><line number="307" hits="0"/><line number="309" hits="0"/><line number="313" hits="0"/><line number="315" hits="0"/><line number="316" hits="0"/><line number="318" hits="0"/><line number="321" hits="0"/><line number="322" hits="0"/><line number="323" hits="0"/><line number="324" hits="0"/><line number="325" hits="0"/><line number="326" hits="0"/><line number="327" hits="0"/><line number="329" hits="0"/><line number="330" hits="0"/><line number="333" hits="0"/><line number="334" hits="0"/><line number="335" hits="0"/><line number="336" hits="0"/><line number="337" hits="0"/><line number="338" hits="0"/><line number="339" hits="0"/><line number="344" hits="0"/><line number="345" hits="0"/><line number="346" hits="0"/><line number="348" hits="0"/><line number="349" hits="0"/><line number="350" hits="0"/><line number="351" hits="0"/><line number="354" hits="0"/><line number="355" hits="0"/><line number="356" hits="0"/><line number="357" hits="0"/><line number="361" hits="0"/><line number="362" hits="0"/><line number="363" hits="0"/><line number="364" hits="0"/><line number="365" hits="0"/><line number="366" hits="0"/><line number="367" hits="0"/><line number="368" hits="0"/><line number="370" hits="0"/><line number="371" hits="0"/><line number="372" hits="0"/></lines></class><class name="release" filename="src/commands/release.rs" line-rate="0" branch-rate="0" complexity="0"><methods/><lines><line number="8" hits="0"/><line number="14" hits="0"/><line number="15" hits="0"/><line number="19" hits="0"/><line number="21" hits="0"/><line number="22" hits="0"/><line number="23" hits="0"/><line number="25" hits="0"/><line number="26" hits="0"/><line number="27" hits="0"/><line number="30" hits="0"/><line number="31" hits="0"/><line number="32" hits="0"/><line number="33" hits="0"/><line number="34" hits="0"/><line number="35" hits="0"/><line number="37" hits="0"/><line number="38" hits="0"/><line number="39" hits="0"/><line number="43" hits="0"/><line number="44" hits="0"/><line number="46" hits="0"/><line number="49" hits="0"/><line number="51" hits="0"/><line number="52" hits="0"/><line number="53" hits="0"/><line number="56" hits="0"/></lines></class><class name="set_status" filename="src/commands/set_status.rs" line-rate="0" branch-rate="0" complexity="0"><methods/><lines><line number="9" hits="0"/><line number="15" hits="0"/><line number="16" hits="0"/><line number="17" hits="0"/><line number="19" hits="0"/><line number="23" hits="0"/><line number="25" hits="0"/><line number="26" hits="0"/><line number="28" hits="0"/><line number="29" hits="0"/><line number="30" hits="0"/><line number="33" hits="0"/><line number="34" hits="0"/><line number="35" hits="0"/><line number="36" hits="0"/><line number="37" hits="0"/><line number="40" hits="0"/><line number="42" hits="0"/><line number="45" hits="0"/><line number="46" hits="0"/><line number="47" hits="0"/><line number="48" hits="0"/><line number="49" hits="0"/><line number="50" hits="0"/><line number="52" hits="0"/><line number="55" hits="0"/><line number="56" hits="0"/><line number="57" hits="0"/><line number="58" hits="0"/><line number="59" hits="0"/><line number="62" hits="0"/></lines></class><class name="show" filename="src/commands/show.rs" line-rate="0" branch-rate="0" complexity="0"><methods/><lines><line number="8" hits="0"/><line number="9" hits="0"/><line number="11" hits="0"/><line number="12" hits="0"/><line number="13" hits="0"/><line number="14" hits="0"/><line number="15" hits="0"/><line number="17" hits="0"/><line number="18" hits="0"/><line number="19" hits="0"/><line number="21" hits="0"/><line number="22" hits="0"/><line number="23" hits="0"/><line number="24" hits="0"/><line number="25" hits="0"/><line number="26" hits="0"/><line number="27" hits="0"/><line number="29" hits="0"/><line number="30" hits="0"/><line number="33" hits="0"/><line number="34" hits="0"/><line number="36" hits="0"/><line number="37" hits="0"/><line number="38" hits="0"/><line number="41" hits="0"/><line number="42" hits="0"/><line number="43" hits="0"/><line number="46" hits="0"/><line number="47" hits="0"/><line number="50" hits="0"/><line number="51" hits="0"/><line number="54" hits="0"/><line number="55" hits="0"/></lines></class><class name="stats" filename="src/commands/stats.rs" line-rate="0" branch-rate="0" complexity="0"><methods/><lines><line number="8" hits="0"/><line number="9" hits="0"/><line number="11" hits="0"/><line number="12" hits="0"/><line number="13" hits="0"/><line number="14" hits="0"/><line number="15" hits="0"/><line number="16" hits="0"/><line number="18" hits="0"/><line number="20" hits="0"/><line number="21" hits="0"/><line number="23" hits="0"/><line number="26" hits="0"/><line number="27" hits="0"/><line number="28" hits="0"/><line number="29" hits="0"/><line number="31" hits="0"/><line number="32" hits="0"/><line number="33" hits="0"/><line number="34" hits="0"/><line number="35" hits="0"/><line number="36" hits="0"/><line number="37" hits="0"/><line number="38" hits="0"/><line number="39" hits="0"/><line number="41" hits="0"/><line number="42" hits="0"/><line number="43" hits="0"/><line number="44" hits="0"/><line number="46" hits="0"/><line number="47" hits="0"/><line number="48" hits="0"/><line number="49" hits="0"/><line number="52" hits="0"/><line number="53" hits="0"/><line number="54" hits="0"/><line number="55" hits="0"/><line number="59" hits="0"/><line number="60" hits="0"/><line number="61" hits="0"/><line number="62" hits="0"/><line number="63" hits="0"/><line number="64" hits="0"/><line number="66" hits="0"/></lines></class><class name="tags" filename="src/commands/tags.rs" line-rate="0" branch-rate="0" complexity="0"><methods/><lines><line number="14" hits="0"/><line number="15" hits="0"/><line number="16" hits="0"/><line number="18" hits="0"/><line number="19" hits="0"/><line number="20" hits="0"/><line number="21" hits="0"/><line number="25" hits="0"/><line number="26" hits="0"/><line number="27" hits="0"/><line number="29" hits="0"/><line number="30" hits="0"/><line number="32" hits="0"/><line number="33" hits="0"/><line number="34" hits="0"/><line number="35" hits="0"/><line number="36" hits="0"/><line number="39" hits="0"/><line number="43" hits="0"/><line number="44" hits="0"/><line number="45" hits="0"/><line number="47" hits="0"/><line number="48" hits="0"/><line number="50" hits="0"/><line number="51" hits="0"/><line number="52" hits="0"/><line number="53" hits="0"/><line number="55" hits="0"/><line number="56" hits="0"/><line number="58" hits="0"/><line number="60" hits="0"/><line number="61" hits="0"/><line number="63" hits="0"/><line number="66" hits="0"/><line number="67" hits="0"/><line number="69" hits="0"/><line number="77" hits="0"/><line number="80" hits="0"/><line number="81" hits="0"/><line number="83" hits="0"/><line number="86" hits="0"/><line number="88" hits="0"/><line number="89" hits="0"/><line number="92" hits="0"/><line number="93" hits="0"/><line number="94" hits="0"/><line number="95" hits="0"/><line number="97" hits="0"/><line number="98" hits="0"/><line number="101" hits="0"/></lines></class><class name="waves" filename="src/commands/waves.rs" line-rate="0" branch-rate="0" complexity="0"><methods/><lines><line number="15" hits="0"/><line number="22" hits="0"/><line number="23" hits="0"/><line number="26" hits="0"/><line number="27" hits="0"/><line number="30" hits="0"/><line number="31" hits="0"/><line number="32" hits="0"/><line number="33" hits="0"/><line number="34" hits="0"/><line number="36" hits="0"/><line number="39" hits="0"/><line number="40" hits="0"/><line number="41" hits="0"/><line number="42" hits="0"/><line number="47" hits="0"/><line number="48" hits="0"/><line number="49" hits="0"/><line number="50" hits="0"/><line number="52" hits="0"/><line number="53" hits="0"/><line number="54" hits="0"/><line number="57" hits="0"/><line number="58" hits="0"/><line number="59" hits="0"/><line number="60" hits="0"/><line number="62" hits="0"/><line number="63" hits="0"/><line number="67" hits="0"/><line number="74" hits="0"/><line number="75" hits="0"/><line number="76" hits="0"/><line number="77" hits="0"/><line number="81" hits="0"/><line number="84" hits="0"/><line number="85" hits="0"/><line number="86" hits="0"/><line number="87" hits="0"/><line number="89" hits="0"/><line number="90" hits="0"/><line number="92" hits="0"/><line number="93" hits="0"/><line number="94" hits="0"/><line number="96" hits="0"/><line number="97" hits="0"/><line number="99" hits="0"/><line number="102" hits="0"/><line number="105" hits="0"/><line number="106" hits="0"/><line number="107" hits="0"/><line number="108" hits="0"/><line number="109" hits="0"/><line number="110" hits="0"/><line number="113" hits="0"/><line number="114" hits="0"/><line number="115" hits="0"/><line number="118" hits="0"/><line number="120" hits="0"/><line number="121" hits="0"/><line number="122" hits="0"/><line number="123" hits="0"/><line number="124" hits="0"/><line number="125" hits="0"/><line number="128" hits="0"/><line number="129" hits="0"/><line number="131" hits="0"/><line number="136" hits="0"/><line number="137" hits="0"/><line number="139" hits="0"/><line number="142" hits="0"/><line number="143" hits="0"/><line number="145" hits="0"/><line number="153" hits="0"/><line number="157" hits="0"/><line number="158" hits="0"/><line number="160" hits="0"/><line number="161" hits="0"/><line number="163" hits="0"/><line number="166" hits="0"/><line number="167" hits="0"/><line number="168" hits="0"/><line number="170" hits="0"/><line number="171" hits="0"/><line number="172" hits="0"/><line number="173" hits="0"/><line number="174" hits="0"/><line number="175" hits="0"/><line number="176" hits="0"/><line number="177" hits="0"/><line number="179" hits="0"/><line number="184" hits="0"/><line number="186" hits="0"/><line number="188" hits="0"/><line number="189" hits="0"/><line number="190" hits="0"/><line number="191" hits="0"/><line number="192" hits="0"/><line number="196" hits="0"/><line number="198" hits="0"/><line number="203" hits="0"/><line number="206" hits="0"/><line number="209" hits="0"/><line number="210" hits="0"/><line number="212" hits="0"/><line number="213" hits="0"/><line number="215" hits="0"/><line number="217" hits="0"/><line number="218" hits="0"/><line number="219" hits="0"/><line number="220" hits="0"/><line number="222" hits="0"/><line number="228" hits="0"/><line number="229" hits="0"/><line number="230" hits="0"/><line number="232" hits="0"/><line number="234" hits="0"/><line number="236" hits="0"/><line number="237" hits="0"/><line number="240" hits="0"/><line number="242" hits="0"/><line number="243" hits="0"/><line number="244" hits="0"/><line number="245" hits="0"/><line number="246" hits="0"/><line number="247" hits="0"/><line number="249" hits="0"/><line number="251" hits="0"/><line number="254" hits="0"/><line number="258" hits="0"/><line number="259" hits="0"/><line number="261" hits="0"/><line number="262" hits="0"/><line number="263" hits="0"/><line number="264" hits="0"/><line number="270" hits="0"/><line number="271" hits="0"/><line number="272" hits="0"/><line number="274" hits="0"/><line number="277" hits="0"/></lines></class><class name="whois" filename="src/commands/whois.rs" line-rate="0" branch-rate="0" complexity="0"><methods/><lines><line number="9" hits="0"/><line number="10" hits="0"/><line number="13" hits="0"/><line number="14" hits="0"/><line number="15" hits="0"/><line number="16" hits="0"/><line number="17" hits="0"/><line number="18" hits="0"/><line number="19" hits="0"/><line number="20" hits="0"/><line number="21" hits="0"/><line number="23" hits="0"/><line number="26" hits="0"/><line number="27" hits="0"/><line number="30" hits="0"/><line number="31" hits="0"/><line number="32" hits="0"/><line number="33" hits="0"/><line number="34" hits="0"/><line number="35" hits="0"/><line number="36" hits="0"/><line number="41" hits="0"/><line number="42" hits="0"/><line number="43" hits="0"/><line number="49" hits="0"/><line number="50" hits="0"/><line number="51" hits="0"/><line number="52" hits="0"/><line number="53" hits="0"/><line number="54" hits="0"/><line number="55" hits="0"/><line number="58" hits="0"/><line number="59" hits="0"/><line number="60" hits="0"/><line number="61" hits="0"/><line number="63" hits="0"/><line number="64" hits="0"/><line number="66" hits="0"/><line number="67" hits="0"/><line number="68" hits="0"/><line number="69" hits="0"/><line number="71" hits="0"/><line number="75" hits="0"/><line number="76" hits="0"/><line number="77" hits="0"/><line number="78" hits="0"/><line number="80" hits="0"/><line number="81" hits="0"/><line number="82" hits="0"/><line number="83" hits="0"/><line number="84" hits="0"/><line number="85" hits="0"/><line number="86" hits="0"/><line number="89" hits="0"/><line number="90" hits="0"/><line number="91" hits="0"/><line number="92" hits="0"/><line number="95" hits="0"/></lines></class></classes></package><package name="src/llm" line-rate="0" branch-rate="0" complexity="0"><classes><class name="client" filename="src/llm/client.rs" line-rate="0" branch-rate="0" complexity="0"><methods/><lines><line number="69" hits="0"/><line number="70" hits="0"/><line number="71" hits="0"/><line number="73" hits="0"/><line number="74" hits="0"/><line number="75" hits="0"/><line number="78" hits="0"/><line number="81" hits="0"/><line number="82" hits="0"/><line number="83" hits="0"/><line number="84" hits="0"/><line number="88" hits="0"/><line number="89" hits="0"/><line number="90" hits="0"/><line number="92" hits="0"/><line number="93" hits="0"/><line number="94" hits="0"/><line number="97" hits="0"/><line number="100" hits="0"/><line number="101" hits="0"/><line number="102" hits="0"/><line number="103" hits="0"/><line number="107" hits="0"/><line number="108" hits="0"/><line number="111" hits="0"/><line number="116" hits="0"/><line number="117" hits="0"/><line number="118" hits="0"/><line number="119" hits="0"/><line number="120" hits="0"/><line number="122" hits="0"/><line number="123" hits="0"/><line number="124" hits="0"/><line number="126" hits="0"/><line number="130" hits="0"/><line number="135" hits="0"/><line number="137" hits="0"/><line number="138" hits="0"/><line number="139" hits="0"/><line number="145" hits="0"/><line number="146" hits="0"/><line number="147" hits="0"/><line number="148" hits="0"/><line number="151" hits="0"/><line number="153" hits="0"/><line number="156" hits="0"/><line number="157" hits="0"/><line number="158" hits="0"/><line number="159" hits="0"/><line number="162" hits="0"/><line number="164" hits="0"/><line number="167" hits="0"/><line number="168" hits="0"/><line number="169" hits="0"/><line number="170" hits="0"/><line number="171" hits="0"/><line number="174" hits="0"/><line number="179" hits="0"/><line number="181" hits="0"/><line number="182" hits="0"/><line number="183" hits="0"/><line number="189" hits="0"/><line number="190" hits="0"/><line number="191" hits="0"/><line number="192" hits="0"/><line number="196" hits="0"/><line number="197" hits="0"/><line number="198" hits="0"/><line number="199" hits="0"/><line number="202" hits="0"/><line number="203" hits="0"/><line number="205" hits="0"/><line number="206" hits="0"/><line number="207" hits="0"/><line number="210" hits="0"/><line number="211" hits="0"/><line number="212" hits="0"/><line number="213" hits="0"/><line number="214" hits="0"/><line number="221" hits="0"/><line number="222" hits="0"/><line number="225" hits="0"/><line number="226" hits="0"/><line number="227" hits="0"/><line number="228" hits="0"/><line number="229" hits="0"/><line number="232" hits="0"/><line number="236" hits="0"/><line number="239" hits="0"/><line number="240" hits="0"/><line number="241" hits="0"/><line number="243" hits="0"/><line number="245" hits="0"/><line number="246" hits="0"/><line number="247" hits="0"/><line number="249" hits="0"/><line number="252" hits="0"/><line number="255" hits="0"/><line number="258" hits="0"/><line number="267" hits="0"/><line number="270" hits="0"/><line number="271" hits="0"/><line number="275" hits="0"/><line number="276" hits="0"/><line number="277" hits="0"/><line number="278" hits="0"/><line number="281" hits="0"/><line number="284" hits="0"/><line number="285" hits="0"/><line number="286" hits="0"/><line number="287" hits="0"/><line number="289" hits="0"/><line number="293" hits="0"/><line number="295" hits="0"/><line number="298" hits="0"/><line number="299" hits="0"/><line number="300" hits="0"/><line number="304" hits="0"/><line number="305" hits="0"/><line number="312" hits="0"/><line number="313" hits="0"/><line number="315" hits="0"/></lines></class><class name="prompts" filename="src/llm/prompts.rs" line-rate="0" branch-rate="0" complexity="0"><methods/><lines><line number="4" hits="0"/><line number="5" hits="0"/><line number="42" hits="0"/><line number="47" hits="0"/><line number="48" hits="0"/><line number="51" hits="0"/><line number="89" hits="0"/><line number="96" hits="0"/><line number="97" hits="0"/><line number="100" hits="0"/><line number="146" hits="0"/><line number="147" hits="0"/></lines></class></classes></package><package name="src/models" line-rate="0.8793103448275862" branch-rate="0" complexity="0"><classes><class name="epic" filename="src/models/epic.rs" line-rate="0.7346938775510204" branch-rate="0" complexity="0"><methods/><lines><line number="11" hits="446"/><line number="14" hits="446"/><line number="18" hits="5098"/><line number="19" hits="15294"/><line number="22" hits="49"/><line number="23" hits="402"/><line number="26" hits="2"/><line number="27" hits="10"/><line number="30" hits="2"/><line number="31" hits="2"/><line number="33" hits="6"/><line number="34" hits="5"/><line number="37" hits="2"/><line number="38" hits="4"/><line number="39" hits="4"/><line number="40" hits="4"/><line number="41" hits="4"/><line number="42" hits="4"/><line number="43" hits="4"/><line number="44" hits="4"/><line number="46" hits="10"/><line number="48" hits="8"/><line number="49" hits="0"/><line number="52" hits="4"/><line number="56" hits="8"/><line number="57" hits="4"/><line number="60" hits="4"/><line number="61" hits="1"/><line number="62" hits="1"/><line number="63" hits="1"/><line number="64" hits="1"/><line number="65" hits="0"/><line number="66" hits="0"/><line number="82" hits="0"/><line number="83" hits="0"/><line number="85" hits="0"/><line number="87" hits="0"/><line number="88" hits="0"/><line number="91" hits="0"/><line number="93" hits="0"/><line number="94" hits="0"/><line number="95" hits="0"/><line number="98" hits="0"/><line number="104" hits="4"/><line number="105" hits="17"/><line number="106" hits="9"/><line number="107" hits="9"/><line number="111" hits="1"/><line number="112" hits="11"/></lines></class><class name="task" filename="src/models/task.rs" line-rate="0.8698224852071006" branch-rate="0" complexity="0"><methods/><lines><line number="18" hits="7"/><line number="19" hits="7"/><line number="20" hits="1"/><line number="21" hits="1"/><line number="22" hits="1"/><line number="23" hits="1"/><line number="24" hits="1"/><line number="25" hits="1"/><line number="26" hits="1"/><line number="27" hits="0"/><line number="32" hits="4"/><line number="33" hits="4"/><line number="34" hits="5"/><line number="35" hits="4"/><line number="36" hits="3"/><line number="37" hits="1"/><line number="38" hits="1"/><line number="39" hits="1"/><line number="40" hits="1"/><line number="41" hits="1"/><line number="42" hits="1"/><line number="46" hits="1"/><line number="47" hits="1"/><line number="126" hits="10193"/><line number="127" hits="30579"/><line number="135" hits="20386"/><line number="137" hits="20386"/><line number="140" hits="20386"/><line number="141" hits="20386"/><line number="151" hits="0"/><line number="152" hits="0"/><line number="156" hits="0"/><line number="157" hits="0"/><line number="161" hits="0"/><line number="162" hits="0"/><line number="163" hits="0"/><line number="164" hits="0"/><line number="168" hits="0"/><line number="169" hits="0"/><line number="173" hits="13"/><line number="174" hits="26"/><line number="178" hits="15"/><line number="179" hits="29"/><line number="184" hits="15"/><line number="185" hits="30"/><line number="186" hits="1"/><line number="189" hits="14"/><line number="190" hits="1"/><line number="194" hits="26"/><line number="196" hits="291"/><line number="198" hits="13"/><line number="199" hits="4"/><line number="200" hits="4"/><line number="201" hits="4"/><line number="205" hits="9"/><line number="209" hits="7"/><line number="210" hits="14"/><line number="211" hits="3"/><line number="214" hits="4"/><line number="215" hits="1"/><line number="216" hits="1"/><line number="217" hits="1"/><line number="221" hits="3"/><line number="225" hits="5"/><line number="226" hits="5"/><line number="227" hits="2"/><line number="228" hits="2"/><line number="229" hits="2"/><line number="233" hits="3"/><line number="237" hits="13"/><line number="238" hits="26"/><line number="239" hits="5"/><line number="240" hits="5"/><line number="241" hits="5"/><line number="245" hits="8"/><line number="249" hits="3"/><line number="250" hits="15"/><line number="257" hits="2"/><line number="258" hits="4"/><line number="260" hits="4"/><line number="261" hits="2"/><line number="264" hits="4"/><line number="265" hits="2"/><line number="268" hits="4"/><line number="269" hits="2"/><line number="272" hits="2"/><line number="273" hits="3"/><line number="274" hits="2"/><line number="278" hits="4"/><line number="279" hits="1"/><line number="281" hits="1"/><line number="285" hits="22"/><line number="286" hits="22"/><line number="287" hits="44"/><line number="290" hits="12"/><line number="291" hits="24"/><line number="294" hits="15"/><line number="295" hits="46"/><line number="296" hits="16"/><line number="297" hits="16"/><line number="298" hits="62"/><line number="299" hits="44"/><line number="300" hits="16"/><line number="307" hits="13"/><line number="308" hits="33"/><line number="318" hits="0"/><line number="319" hits="0"/><line number="323" hits="0"/><line number="324" hits="0"/><line number="325" hits="0"/><line number="326" hits="0"/><line number="327" hits="0"/><line number="328" hits="0"/><line number="329" hits="0"/><line number="330" hits="0"/><line number="335" hits="1"/><line number="336" hits="2"/><line number="337" hits="2"/><line number="340" hits="11"/><line number="341" hits="13"/><line number="342" hits="2"/><line number="343" hits="1"/><line number="347" hits="20"/><line number="348" hits="20"/><line number="349" hits="20"/><line number="350" hits="20"/><line number="351" hits="10"/><line number="354" hits="1"/><line number="355" hits="2"/><line number="356" hits="2"/><line number="357" hits="2"/><line number="360" hits="4"/><line number="361" hits="8"/><line number="364" hits="1"/><line number="365" hits="1"/><line number="367" hits="3"/><line number="371" hits="2"/><line number="372" hits="2"/><line number="374" hits="6"/><line number="378" hits="7"/><line number="379" hits="28"/><line number="380" hits="14"/><line number="381" hits="7"/><line number="382" hits="14"/><line number="383" hits="14"/><line number="384" hits="28"/><line number="385" hits="7"/><line number="390" hits="6"/><line number="391" hits="12"/><line number="392" hits="18"/><line number="398" hits="5"/><line number="399" hits="5"/><line number="400" hits="1"/><line number="403" hits="8"/><line number="404" hits="8"/><line number="406" hits="24"/><line number="409" hits="9"/><line number="416" hits="9"/><line number="417" hits="12"/><line number="418" hits="12"/><line number="421" hits="18"/><line number="422" hits="0"/><line number="425" hits="24"/><line number="426" hits="24"/><line number="428" hits="36"/><line number="429" hits="11"/><line number="430" hits="35"/><line number="434" hits="2"/><line number="435" hits="1"/></lines></class><class name="workflow" filename="src/models/workflow.rs" line-rate="1" branch-rate="0" complexity="0"><methods/><lines><line number="15" hits="14"/><line number="16" hits="14"/><line number="17" hits="2"/><line number="18" hits="3"/><line number="19" hits="3"/><line number="20" hits="3"/><line number="21" hits="3"/><line number="26" hits="19"/><line number="27" hits="19"/><line number="28" hits="23"/><line number="29" hits="17"/><line number="30" hits="16"/><line number="31" hits="12"/><line number="32" hits="11"/><line number="33" hits="5"/><line number="37" hits="5"/><line number="38" hits="5"/><line number="39" hits="1"/><line number="40" hits="1"/><line number="41" hits="1"/><line number="42" hits="1"/><line number="43" hits="1"/><line number="79" hits="39"/><line number="80" hits="78"/><line number="82" hits="78"/><line number="83" hits="78"/><line number="84" hits="39"/><line number="85" hits="117"/><line number="86" hits="78"/><line number="87" hits="117"/><line number="88" hits="39"/><line number="92" hits="78"/><line number="93" hits="78"/><line number="94" hits="39"/><line number="95" hits="117"/><line number="96" hits="78"/><line number="97" hits="117"/><line number="98" hits="39"/><line number="102" hits="78"/><line number="103" hits="78"/><line number="104" hits="39"/><line number="105" hits="117"/><line number="106" hits="78"/><line number="107" hits="117"/><line number="108" hits="39"/><line number="112" hits="78"/><line number="113" hits="78"/><line number="114" hits="39"/><line number="115" hits="117"/><line number="116" hits="78"/><line number="117" hits="117"/><line number="118" hits="39"/><line number="122" hits="78"/><line number="123" hits="78"/><line number="124" hits="39"/><line number="125" hits="117"/><line number="126" hits="78"/><line number="127" hits="117"/><line number="128" hits="39"/><line number="133" hits="117"/><line number="134" hits="117"/><line number="137" hits="78"/><line number="138" hits="39"/><line number="143" hits="9"/><line number="144" hits="27"/><line number="145" hits="18"/><line number="148" hits="10"/><line number="149" hits="20"/><line number="152" hits="6"/><line number="153" hits="12"/><line number="158" hits="1"/><line number="159" hits="1"/></lines></class></classes></package><package name="src" line-rate="0.28811086797957697" branch-rate="0" complexity="0"><classes><class name="config" filename="src/config.rs" line-rate="0.717948717948718" branch-rate="0" complexity="0"><methods/><lines><line number="23" hits="29"/><line number="25" hits="29"/><line number="36" hits="1"/><line number="37" hits="3"/><line number="38" hits="1"/><line number="40" hits="2"/><line number="41" hits="1"/><line number="44" hits="27"/><line number="45" hits="108"/><line number="47" hits="54"/><line number="48" hits="81"/><line number="49" hits="0"/><line number="53" hits="81"/><line number="54" hits="27"/><line number="57" hits="3"/><line number="58" hits="3"/><line number="59" hits="4"/><line number="60" hits="3"/><line number="61" hits="2"/><line number="62" hits="0"/><line number="63" hits="0"/><line number="64" hits="0"/><line number="68" hits="0"/><line number="69" hits="0"/><line number="72" hits="3"/><line number="73" hits="3"/><line number="74" hits="4"/><line number="75" hits="3"/><line number="76" hits="2"/><line number="77" hits="0"/><line number="78" hits="0"/><line number="82" hits="3"/><line number="83" hits="3"/><line number="84" hits="4"/><line number="85" hits="3"/><line number="86" hits="2"/><line number="87" hits="0"/><line number="88" hits="0"/><line number="89" hits="0"/></lines></class><class name="main" filename="src/main.rs" line-rate="0" branch-rate="0" complexity="0"><methods/><lines><line number="265" hits="0"/><line number="266" hits="0"/><line number="268" hits="0"/><line number="269" hits="0"/><line number="270" hits="0"/><line number="271" hits="0"/><line number="272" hits="0"/><line number="274" hits="0"/><line number="275" hits="0"/><line number="277" hits="0"/><line number="278" hits="0"/><line number="279" hits="0"/><line number="280" hits="0"/><line number="281" hits="0"/><line number="282" hits="0"/><line number="283" hits="0"/><line number="284" hits="0"/><line number="285" hits="0"/><line number="286" hits="0"/><line number="287" hits="0"/><line number="288" hits="0"/><line number="289" hits="0"/><line number="290" hits="0"/><line number="291" hits="0"/><line number="292" hits="0"/><line number="293" hits="0"/><line number="294" hits="0"/><line number="295" hits="0"/><line number="296" hits="0"/><line number="297" hits="0"/><line number="298" hits="0"/><line number="300" hits="0"/><line number="301" hits="0"/><line number="304" hits="0"/><line number="305" hits="0"/><line number="307" hits="0"/><line number="308" hits="0"/><line number="309" hits="0"/><line number="311" hits="0"/><line number="312" hits="0"/><line number="314" hits="0"/><line number="315" hits="0"/><line number="316" hits="0"/><line number="317" hits="0"/><line number="318" hits="0"/><line number="319" hits="0"/><line number="320" hits="0"/><line number="321" hits="0"/><line number="323" hits="0"/><line number="324" hits="0"/><line number="325" hits="0"/><line number="326" hits="0"/><line number="327" hits="0"/><line number="328" hits="0"/><line number="329" hits="0"/><line number="330" hits="0"/><line number="332" hits="0"/><line number="333" hits="0"/><line number="334" hits="0"/><line number="335" hits="0"/><line number="336" hits="0"/></lines></class></classes></package></packages></coverage>